[   000000] Initializing cgroup subsys cpuset
[    0.000000] Initializing cgroup subsys cpu
[    0.000000] Initializing cgroup subsys cpuacct
[    0.000000] Linux version 4.4.0-137-generic (buildd@lgw01-amd64-037) (gcc version 5.4.0 20160609 (Ubuntu 5.4.0-6ubuntu1~16.04.10) ) #163-Ubuntu SMP Mon Sep 24 13:14:43 UTC 2018 (Ubuntu 4.4.0-137.163-generic 4.4.144)
[    0.000000] Command line: BOOT_IMAGE=/boot/vmlinuz-4.4.0-137-generic root=LABEL=cloudimg-rootfs ro console=tty1 console=ttyS0
[    0.000000] KERNEL supported cpus:
[    0.000000]   Intel GenuineIntel
[    0.000000]   AMD AuthenticAMD
[    0.000000]   Centaur CentaurHauls
[    0.000000] x86/fpu: xstate_offset[2]:  576, xstate_sizes[2]:  256
[    0.000000] x86/fpu: Supporting XSAVE feature 0x01: 'x87 floating point registers'
[    0.000000] x86/fpu: Supporting XSAVE feature 0x02: 'SSE registers'
[    0.000000] x86/fpu: Supporting XSAVE feature 0x04: 'AVX registers'
[    0.000000] x86/fpu: Enabled xstate features 0x7, context size is 832 bytes, using 'standard' format.
[    0.000000] e820: BIOS-provided physical RAM map:
[     0.000000] BIOS-e820: [mem 0x0000000000000000-0x000000000009fbff] usable
[    0.000000] BIOS-e820: [mem 0x000000000009fc00-0x000000000009ffff] reserved
[    0.000000] BIOS-e820: [mem 0x00000000000f0000-0x00000000000fffff] reserved
[    0.000000] BIOS-e820: [mem 0x0000000000100000-0x000000003ffeffff] usable
[    0.000000] BIOS-e820: [mem 0x000000003fff0000-0x000000003fffffff] ACPI data
[    0.000000]IOS-e820: [mem 0x00000000fec00000-0x00000000fec00fff] reserved
[    0.000000] BIOS-e820: [mem 0x00000000fee00000-0x00000000fee00fff] reserved
[    0.000000] BIOS-e820: [mem 0x00000000fffc0000-0x00000000ffffffff] reserved
[    0.000000] NX (Execute Disable) protection: active
[    0.000000] SMBIOS 2.5 present.
[    0.000000] Hypervisor detected: KVM
[    0.000000] e820: last_pfn = 0x3fff0 max_arch_pfn = 0x400000000
[    0.000000] MTRR: Disabled
[    0.000000] x86/PAT: MTRRs disabled, skipping PAT initialization too.
[    0.000000] CPU MTRRs all blank - virtualized system.
[    0.000000] x86/PAT: Configuration [0-7]: WB  WT  UC- UC  WB  WT  UC- UC  
[    0.000000] found SMP MP-table at [mem 0x0009fff0-0x0009ffff] mapped at [ffff88000009fff0]
[    0.000000] Scanning 1 areas for low memory corruption
[    0.000000] RAMDISK: [mem 0x3630a000-0x3717cfff]
[    0.000000] ACPI: Early table checksum verification disabled
[    0.000000] ACPI: RSDP 0x00000000000E0000 000024 (v02 VBOX  )
[    0.000000] ACPI: XSDT 0x000000003FFF0030 00003C (v01 VBOX   VBOXXSDT 00000001 ASL  00000061)
[    0.000000] ACPI: FACP 0x000000003FFF00F0 0000F4 (v04 VBOX   VBOXFACP 00000001 ASL  00000061)
[    0.000000] ACPI: DSDT 0x000000003FFF0470 0021FF (v02 VBOX   VBOXBIOS 00000002 INTL 20100528)
[    0.000000] ACPI: FACS 0x000000003FFF0200 000040
[    0.000000] ACPI: FACS 0x000000003FFF0200 000040
[    0.000000] ACPI: APIC 0x000000003FFF0240 00005C (v02 VBOX   VBOXAPIC 00000001 ASL  00000061)
[    0.000000] ACPI: SSDT 0x000000003FFF02A0 0001CC (v01 VBOX   VBOXCPUT 00000002 INTL 20100528)
[    0.000000] No NUMA configuration found
[    0.000000] Faking a node at [mem 0x00000000000000000x0000003ffeffff]
[    0.000000] NODE_DATA(0) allocated [mem 0x3ffeb000-0x3ffeffff]
[    0.000000] kvm-clock: Using msrs 4b564d01 and 4b564d00
[    0.000000] kvm-clock: cpu 0, msr 0:3ffe3001, primary cpu clock
[    0.000000] kvm-clock: using sched offset of 5261335909 cycles
[    0.000000] clocksource: kvm-clock: mask: 0xffffffffffffffff max_cycles: 0x1cd42e4dffb, max_idle_ns: 881590591483 ns
[    0.000000] Zone ranges:
[    0.000000]   DMA      [mem 0x0000000000001000-0x0000000000fff]
[    0.000000]   DMA32    [mem 0x0000000001000000-0x000000003ffeffff]
[    0.000000]   Normal   empty
[    0.000000]   Device   empty
[    0.000000] Movable zone start for each node
[    0.000000] Early memory noe ranges
[  00000]   node   0: me0x0000000001000-0x000000000009efff]
[    0.000000]   node   0: [mem 0x0000000000100000-0x000000003ffeffff]
[    0.000000] Initmem setup node 0 [mem 0x0000000000001000-0x000000003ffeffff]
[    0.000000] ACPI: PM-Timer IO Port: 0x4008
[    0.000000] IOAPIC[0]: apic_id 2, version 32, address 0xc0000, GSI 0-2
  .000000] ACPI: INT_SRC_OVR (bus 0 bus_irq 0 global_irq 2 dfl dfl)
[    0.000000] ACPI: INT_SRC_OVR (bus 0 bus_irq 9 global_irq 9 low level)
[    0.000000] Using ACPI (MADT) for SMP configuration information
[    0.000000] smpboot: Allowing 2 CPUs, 0 hotplug CPUs
[    0.000000] PM: Registered nosave memory: [mem 0x00000000-0x00000fff]
[    0.000000] PM: Registered nosave memory: [mem 0x0009f000-0x0009ffff]
[    0.000000] PM: Registered nosave memory: [mem 0x000a0000-0x000effff]
[    0.000000] PM: Registered nosave memory: [mem 0x000f0000-0x000fffff]
[    0.00000] 20: [mem 0x40000000-0xfebfffff] available for PCI devices
[    0.000000] Booting paravirtualized kernel on KVM
[    0.000000] clocksource: refined-jiffies: mask: 0xffffffff max_cycles: 0xffffffff, max_idle_ns: 7645519600211568 ns
[    0.000000] setup_percpu: NR_CPUS:512 nr_cpumask_bits:512 nr_cpu_ids:2 nr_node_ids:1
[    0.000000] PERCPU: Embedded 34 pages/cpu @ffff88003fc00000 s99608 r8192 d31464 u1048576
[    0.000000] PV qspinlock hash table entries: 256 (order: 0, 4096 bytes)
[    0.000000] Built 1 zonelists in Node order, mobility grouping on.  Total pages: 257912
[    0.000000] Policy zone: DMA32
[    0.000000] Kernel command line: BOOT_IMAGE=/boot/vmlinuz-4.4.0-137-generic root=LABL=ouimg-rootfs ro console=tty1 console=ttyS0
[    0.000000] PID hash table entries: 4096 (order: 3, 32768 bytes)
[    0.000000] Memory: 997708K/1048120K available (8555K kernel code, 1314K rwda,004K rodata, 52 it, 1316K bss, 50412K reserved, 0Kcmreserved)
[    0.00000] UB HWalign=64,Order=0-3, MinObjects=0, CPUs=2, Nodes=1
[    0.000000] Kernel/User page tables isolation: enabled
[    0.0000] ierarhil U implementaio.[    0.000000] Bud-ime adjustmet  laf fanuto 4.
[    0.000000] 	RCU restricting CPUs from NR_CPUS=512 to nr_cpu_ids=2.
[    0.000000] RCU: Adjusting geometry for rcu_fanout_leaf=64, nr_cpu_ids=2
[    0.000000] NR_IRQS:33024 nr_irqs:440 16
[    0.000000] Console: colour VGA+ 80x25
[    0.000000] console [tty1] enabled
[    0.000000] console [ttyS0] enabled
[    0.000000] tsc: Detected 2903.996 MHz processor
[    1.163158] Calibrating delay loop (skipped) preset value.. 5807.99 BogoMIPS (lpj=11615984)
[    1.164743] pid_max: default: 32768 minimum: 301
[    1.165619] ACPI: Core revision 20150930
[    1.167233] ACPI: 2 ACPI AML tables successfully acquired and loaded
[    1.168455] Security Framework initialized
[    1.169218] Yama: becoming mindful.
[    1.169996] AppArmor: AppArmor initialized
[    1.170847] Dentry cache hash table entries: 131072 (order: 8, 1048576 bytes)
[  1.174771] Inode-cache hash table entries: 65536 (order: 7, 524288 bytes)
[    1.200409] Mount-cache hash table entries: 2048 (order: 2, 16384 bytes)
[    1.201568] Mountpoint-cache hash table entries: 2048 (order: 2, 16384 bytes)
[    1.203008] Initializing cgroup subsys io
[    1.203878] Initializing cgroup subsys memory
[    1.204854] Initializing cgroup subsys devices
[    1.205714] Initializing cgroup subsys freezer
[    1.206554] Initializing cgroup subsys net_cls
[    1.207532] Initializing cgroup subsys perf_event
[    1.208484] Initializing cgroup subsys net_prio
[    1.209402]] Initializing cgroup subsys hugetlb
[    1.211784] Initializing cgroup subsys pids
[    1.213798] mce: CPU supports 0 MCE banks
[    1.223088] Last level iTLB entries: 4KB 64, 2MB 8, 4MB 8
[    1.224093] Last level dTLB entries: 4KB 64, 2MB 0, 4MB 0, 1GB 4
[    1.225209] Spectre V2 : Mitigation: Full generic retpoline
[    1.226421] Spectre V2 : Spectre v2 mitigation: Speculation control IBPB not-supported IBRS not-supported
[    1.230835] Spectre V2 : Spectre v2 / SpectreRSB mitigation: Filling RSB on context switch
[    1.232502] Speculative Store Bypass: Vulnerable
[    1.235576] Freeing SMP alternatives memory: 32K
[    1.243514] ftrace: allocating 32265 entries in 127 pages
[    1.310179] smpboot: APIC(0) Converting physical 0 to logical package 0
[    1.327438] smpboot: Max logical packages: 1
[    1.342934] x2apic enabled
[    1.354578] Switched APIC routing to physical x2apic.
[    1.364539] ..TIMER: vector=0x30 apic1=0 pin1=2 apic2=-1 pin2=-1
[    1.486860] smpboot: CPU0: Intel(R) Core(TM) i7-7500U CPU @ 2.70GHz (family: 0x6, model: 0x8e, stepping: 0x9)
[    1.543029] Performance Events: unsupported p6 CPU model 142 no PMU driver, software events only.
[    1.570748] KVM setup paravirtual spinlock
[    1.572013] x86: Booting SMP configuration:
[    1.572669] .... node  #0, CPUs:      #1
[    1.573356] kvm-clock: cpu 1, msr 0:3ffe3041, secondary cpu clock
[    1.575735] mce: CPU supports 0 MCE banks
[    1.578237] x86: Booted up 1 node, 2 CPUs
[    1.579078] smpboot: Total of 2 processors activated (11615.98 BogoMIPS)
[    1.580398] devtmpfs: initialized
[    1.609534] evm: security.selinux
[    1.638448] evm: security.SMACK64
[    1.651158] evm: security.SMACK64EXEC
[    1.659261] evm: security.SMACK64TRANSMUTE
[    1.664854] evm: security.SMACK64MMAP
[    1.689362] evm: security.ima
[    1.689897] evm: security.capability
[    1.690754] clocksource: jiffies: mask: 0xffffffff max_cycles: 0xffffffff, max_idle_ns: 7645041785100000 ns
[    1.692215] futex hash table entries: 512 (order: 3, 32768 bytes)
[    1.693199] pinctrl core: initialized pinctrl subsystem
[    1.696014] RTC time: 16:51:53, date: 10/25/18
[    1.705127] NET: Registered protocol family 16
[    1.716642] cpuidle: using governor ladder
[    1.729129] cpuidle: using governor menu
[    1.731372] PCCT header not found.
[    1.745044] ACPI: bus type PCI registered
[    1.756825] acpiphp: ACPI Hot Plug PCI Controller Driver version: 0.5
[    1.783350] PCI: Using configuration type 1 for base access
[    1.812946] ACPI: Added _OSI(Module Device)
[    1.813706] ACPI: Added _OSI(Processor Device)
[    1.814428] ACPI: Added _OSI(3.0 _SCP Extensions)
[    1.822648] ACPI: Added _OSI(Processor Aggregator Device)
[    1.824043] ACPI: Executed 1 blocks of module-level executable AML code
[    1.826652] ACPI: Interpreter enabled
[    1.831180] ACPI: (supports S0 S5)
[    1.842978] ACPI: Using IOAPIC for interrupt routing
[    1.850354] PCI: Using host bridge windows from ACPI; if necessary, use "pci=nocrs" and report a bug
[    1.857870] ACPI: PCI Root Bridge [PCI0] (domain 0000 [bus 00-ff])
[    1.860006] acpi PNP0A03:00: _OSC: OS supports [ASPM ClockPM Segments MSI]
[    1.860981] acpi PNP0A03:00: _OSC: not requesting OS control; OS requires [ExtendedConfig ASPM ClockPM MSI]
[    1.879479] acpi PNP0A03:00: fail to add MMCONFIG information, can't access extended PCI configuration space under this bridge.
[    1.915887] PCI host bridge to bus 0000:00
[    1.916558] pci_bus 0000:00: root bus resource [io  0x0000-0x0cf7 window]
[    1.930962] pci_bus 0000:00: root bus resource [io  0x0d00-0xffff window]
[    1.947540] pci_bus 0000:00: root bus resource [mem 0x000a0000-0x000bffff window]
[    1.948717] pci_bus 0000:00: root bus resource [mem 0x40000000-0xfdffffff window]
[    1.951836] pci_bus 0000:00: root bus resource [bus 00-ff]
[    1.954000] pci 0000:00:01.1: legacy IDE quirk: reg 0x10: [io  0x01f0-0x01f7]
[    1.956311] pci 0000:00:01.1: legacy IDE quirk: reg 0x14: [io  0x03f6]
[    1.957490] pci 0000:00:01.1: legacy IDE quirk: reg 0x18: [io  0x0170-0x0177]
[    1.964617] pci 0000:00:01.1: legacy IDE quirk: reg 0x1c: [io  0x0376]
[    2.013302] pci 0000:00:07.0: quirk: [io  0x4000-0x403f] claimed by PIIX4 ACPI
[    2.014563] pci 0000:00:07.0: quirk: [io  0x4100-0x410f] claimed by PIIX4 SMB
[    2.033885] ACPI: PCI Interrupt Link [LNKA] (IRQs 5 9 10 *11)
[    2.044021] ACPI: PCI Interrupt Link [LNKB] (IRQs 5 9 *10 11)
[    2.045228] ACPI: PCI Interrupt Link [LNKC] (IRQs 5 *9 10 11)
[    2.069426] ACPI: PCI Interrupt Link [LNKD] (IRQs 5 9 10 *11)
[    2.091075] ACPI: Enabled 2 GPEs in block 00 to 07
[    2.097033] vgaarb: setting as boot device: PCI:0000:00:02.0
[    2.097908] vgaarb: device added: PCI:0000:00:02.0,decodes=io+mem,owns=io+mem,locks=none
[    2.099197] vgaarb: loaded
[    2.104510] vgaarb: bridge control possible 0000:00:02.0
[    2.126210] SCSI subsystem initialized
[    2.135071] ACPI: bus type USB registered
[    2.135755] usbcore: registered new interface driver usbfs
[    2.136575] usbcore: registered new interface driver hub
[    2.151595] usbcore: registered new device driver usb
[    2.155238] PCI: Using ACPI for IRQ routing
[    2.156306] NetLabel: Initializing
[    2.159181] NetLabel:  domain hash size = 128
[    2.185486] NetLabel:  protocols = UNLABELED CIPSOv4
[    2.187530] NetLabel:  unlabeled traffic allowed by default
[    2.188699] amd_nb: Cannot enumerate AMD northbridges
[    2.189662] clocksource: Switched to clocksource kvm-clock
[    2.201762] AppArmor: AppArmor Filesystem Enabled
[    2.202626] pnp: PnP ACPI init
[    2.203799] pnp: PnP ACPI: found 3 devices
[  2.213674] clocksource: acpi_pm: mask: 0xffffff max_cycles: 0xffffff, max_idle_ns: 2085701024 ns
[    2.261413] NET: Registered protocol family 2

[    2.262553] TCP established hash table entries: 8192 (order: 4, 65536 bytes)
[    2.263831] TCP bind hash table entries: 8192 (order: 5, 131072 bytes)
[    2.265045] TCP: Hash tables configured (established 8192 bind 8192)
[    2.266221] UDP hash table entries: 512 (order: 2, 16384 bytes)
[    2.267363] UDP-Lite hash table entries: 512 (order: 2, 16384 bytes)
[    2.268506] NET: Registered protocol family 1
[    2.269370] pci 0000:00:00.0: Limiting direct PCI/PCI transfers
[    2.270473] pci 0000:00:01.0: Activating ISA DMA hang workarounds
[    2.271752] Unpacking initramfs...
[    2.497785] Freeing initrd memory: 14796K
[    2.566411] platform rtc_cmos: registered platform RTC device (no PNP device found)
[    2.670650] Scanning for low memory corruption every 60 seconds
[    2.676495] audit: initializing netlink subsys (disabled)
[    2.682626] audit: type=2000 audit(1540486319.648:1): initialized
[    2.683728] Initialise system trusted keyring
[    2.684602] HugeTLB registered 2 MB page size, pre-allocated 0 pages
[    2.695276] zbud: loaded
[    2.707271] VFS: Disk quotas dquot_6.6.0
[    2.745943] VFS: Dquot-cache hash table entries: 512 (order 0, 4096 bytes)
[    2.753639] squashfs: version 4.0 (2009/01/31) Phillip Lougher
[    2.754832] fuse init (API version 7.23)
[    2.755618] Key type big_key registered
[    2.756268] Allocating IMA MOK and blacklist keyrings.
[    2.758087] Key type asymmetric registered
[    2.758754] Asymmetric key parser 'x509' registered
[    2.759513] Block layer SCSI generic (bsg) driver version 0.4 loaded (major 249)
[    2.764214] io scheduler noop registered
[    2.764871] io scheduler deadline registered (default)
[    2.765701] io scheduler cfq registered
[    2.778189] pci_hotplug: PCI Hot Plug PCI Core version: 0.5
[    2.818301] pciehp: PCI Express Hot Plug Controller Driver version: 0.4
[    2.831306] ACPI: AC Adapter [AC] (off-line)
[    2.832026] input: Power Button as /devices/LNXSYSTM:00/LNXPWRBN:00/input/input0
[    2.833216] ACPI: Power Button [PWRF]
[    2.833908] input: Sleep Button as /devices/LNXSYSTM:00/LNXSLPBN:00/input/input1
[    2.858336] ACPI: Sleep Button [SLPF]
[    2.861452] GHES: HEST is not enabled!
[    2.862005] ACPI: Battery Slot [BAT0] (battery present)
[    2.863202] Serial: 8250/16550 driver, 32 ports, IRQ sharing enabled
[    2.885699] 00:02: ttyS0 at I/O 0x3f8 (irq = 4, base_baud = 115200) is a 16550A
[    2.889140] Linux agpgart interface v0.103
[    2.891451] loop: module loaded
[    2.892481] scsi host0: ata_piix
[    2.893154] scsi host1: ata_piix
[    2.893736] ata1: PATA max UDMA/33 cmd 0x1f0 ctl 0x3f6 bmdma 0xd000 irq 14
[    2.894720] ata2: PATA max UDMA/33 cmd 0x170 ctl 0x376 bmdma 0xd008 irq 15
[    2.895739] libphy: Fixed MDIO Bus: probed
[    2.896451] tun: Universal TUN/TAP device driver, 1.6
[    2.897269] tun: (C) 1999-2004 Max Krasnyansky <maxk@qualcomm.com>
[    2.898277] PPP generic driver version 2.4.2
[    2.899213] ehci_hcd: USB 2.0 'Enhanced' Host Controller (EHCI) Driver
[    2.900152] ehci-pci: EHCI PCI platform driver
[    2.900847] ehci-platform: EHCI generic platform driver
[    2.901646] ohci_hcd: USB 1.1 'Open' Host Controller (OHCI) Driver
[    2.902541] ohci-pci: OHCI PCI platform driver
[    2.903239] ohci-platform: OHCI generic platform driver
[    2.904023] uhci_hcd: USB Universal Host Controller Interface driver
[    2.914920] i8042: PNP: PS/2 Controller [PNP0303:PS2K,PNP0f03:PS2M] at 0x60,0x64 irq 1,12
[    2.916640] serio: i8042 KBD port at 0x60,0x64 irq 1
[    2.925484] serio: i8042 AUX port at 0x60,0x64 irq 12
[    2.934678] mousedev: PS/2 mouse device common for all mice
[    2.935908] input: AT Translated Set 2 keyboard as /devices/platform/i8042/serio0/input/input2
[    2.941980] rtc_cmos rtc_cmos: rtc core: registered rtc_cmos as rtc0
[    2.942043] rtc_cmos rtc_cmos: alarms up to one day, 114 bytes nvram
[    2.942049] i2c /dev entries driver
[    2.942096] device-mapper: uevent: version 1.0.3
[    2.942138] device-mapper: ioctl: 4.34.0-ioctl (2015-10-28) initialised: dm-devel@redhat.com
[    2.942156] ledtrig-cpu: registered to indicate activity on CPUs
[    2.942372] NET: Registered protocol family 10
[    2.942485] NET: Registered protocol family 17
[    2.942499] Key type dns_resolver registered
[    2.942698] registered taskstats version 1
[    2.942708] Loading compiled-in X.509 certificates
[    2.943178] Loaded X.509 cert 'Build time autogenerated kernel key: 20acc96b50ca7641011eace69d32209215a9b56f'
[    2.943192] zswap: loaded using pool lzo/zbud
[    2.944372] Key type trusted registered
[    2.946332] Key type encrypted registered
[    2.946337] AppArmor: AppArmor sha1 policy hashing enabled
[    2.946339] ima: No TPM chip found, activating TPM-bypass!
[    2.946343] ima: Allocated hash algorithm: sha1
[    2.946353] evm: HMAC attrs: 0x1
[    2.946597]   Magic number: 6:939:894
[    2.947631] rtc_cmos rtc_cmos: setting system clock to 2018-10-25 16:51:55 UTC (1540486315)
[    2.947692] BIOS EDD facility v0.16 2004-Jun-25, 0 devices found
[    2.947693] EDD information not available.
[    3.051050] Freeing unused kernel memory: 1528K
[    3.078883] Write protecting the kernel read-only data: 14336k
[    3.092838] Freeing unused kernel memory: 1672K
[    3.093742] Freeing unused kernel memory: 92K
Loading, please [    3.104989] random: systemd-udevd: uninitialized urandom read (16 bytes read, 3 bits of entropy available)
wait...
starting version 229
[    3.105502] random: udevadm: uninitialized urandom read (16 bytes read, 3 bits of entropy available)
[    3.105519] random: udevadm: uninitialized urandom read (16 bytes read, 3 bits of entropy available)
[    3.112064] random: udevadm: uninitialized urandom read (16 bytes read, 3 bits of entropy available)
[    3.112099] random: udevadm: uninitialized urandom read (16 bytes read, 3 bits of entropy available)
[    3.112313] random: udevadm: uninitialized urandom read (16 bytes read, 3 bits of entropy available)
[    3.112354] random: udevadm: uninitialized urandom read (16 bytes read, 3 bits of entropy available)
[    3.112391] random: udevadm: uninitialized urandom read (16 bytes read, 3 bits of entropy available)
[    3.112454] random: udevadm: uninitialized urandom read (16 bytes read, 3 bits of entropy available)
[    3.112493] random: udevadm: uninitialized urandom read (16 bytes read, 3 bits of entropy available)
[    3.195238] e1000: Intel(R) PRO/1000 Network Driver - version 7.3.21-k8-NAPI
[    3.196512] e1000: Copyright (c) 1999-2006 Intel Corporation.
[    3.199385] Fusion MPT base driver 3.04.20
[    3.200204] Copyright (c) 1999-2008 LSI Corporation
[    3.206031] Fusion MPT SPI Host driver 3.04.20
[    3.207422] mptbase: ioc0: Initiating bringup
[    3.215139] AVX2 version of gcm_enc/dec engaged.
[    3.216102] AES CTR mode by8 optimization enabled
[    3.278047] ioc0: LSI53C1030 A0: Capabilities={Initiator}
[    3.731605] tsc: Refined TSC clocksource calibration: 2902.582 MHz
[    3.732513] clocksource: tsc: mask: 0xffffffffffffffff max_cycles: 0x29d6c9dde33, max_idle_ns: 440795219109 ns
[    3.737605] input: ImExPS/2 Generic Explorer Mouse as /devices/platform/i8042/serio1/input/input4
[    3.907837] scsi host2: ioc0: LSI53C1030 A0, FwRev=00000000h, Ports=1, MaxQ=256, IRQ=20
[    4.018648] scsi 2:0:0:0: Direct-Access     VBOX     HARDDISK         1.0  PQ: 0 ANSI: 5
[    4.143100] scsi target2:0:0: Beginning Domain Validation
[    4.144867] scsi target2:0:0: Domain Validation skipping write tests
[    4.206772] scsi target2:0:0: Ending Domain Validation
[    4.225386] scsi target2:0:0: asynchronous
[    4.230344] scsi 2:0:1:0: Direct-Access     VBOX     HARDDISK         1.0  PQ: 0 ANSI: 5
[    4.231907] scsi target2:0:1: Beginning Domain Validation
[    4.233564] scsi target2:0:1: Domain Validation skipping write tests
[    4.234726] scsi target2:0:1: Ending Domain Validation
[    4.235692] scsi target2:0:1: asynchronous
[    4.318407] sd 2:0:0:0: Attached scsi generic sg0 type 0
[    4.326005] sd 2:0:0:0: [sda] 20971520 512-byte logical blocks: (10.7 GB/10.0 GiB)
[    4.336674] sd 2:0:1:0: [sdb] 20480 512-byte logical blocks: (10.5 MB/10.0 MiB)
[    4.338266] sd 2:0:1:0: [sdb] Write Protect is off
[    4.339275] sd 2:0:1:0: [sdb] Incomplete mode parameter data
[    4.340305] sd 2:0:1:0: [sdb] Assuming drive cache: write through
[    4.341651] sd 2:0:1:0: Attached scsi generic sg1 type 0
[    4.343172] sd 2:0:0:0: [sda] Write Protect is off
[    4.344249] sd 2:0:0:0: [sda] Incomplete mode parameter data
[    4.345284] sd 2:0:0:0: [sda] Assuming drive cache: write through
[    4.350728]  sda: sda1
[    4.352278] sd 2:0:0:0: [sda] Attached SCSI disk
[    4.373035] sd 2:0:1:0: [sdb] Attached SCSI disk
[    4.548851] e1000 0000:00:03.0 eth0: (PCI:33MHz:32-bit) 02:20:67:8c:d5:af
[    4.549864] e1000 0000:00:03.0 eth0: Intel(R) PRO/1000 Network Connection
[    4.885508] e1000 0000:00:08.0 eth1: (PCI:33MHz:32-bit) 08:00:27:fc:8d:11
[    4.918936] e1000 0000:00:08.0 eth1: Intel(R) PRO/1000 Network Connection
[    4.921118] e1000 0000:00:08.0 enp0s8: renamed from eth1
[    4.930626] e1000 0000:00:03.0 enp0s3: renamed from eth0
Begin: Loading essential drivers ... [    6.268091] md: linear personality registered for level -1
[    6.271197] md: multipath personality registered for level -4
[    6.274270] md: raid0 personality registered for level 0
[    6.279223] md: raid1 personality registered for level 1
[    6.350176] raid6: sse2x1   gen() 11950 MB/s
[    6.481870] raid6: sse2x1   xor()  8866 MB/s
[    6.554125] raid6: sse2x2   gen() 11934 MB/s
[    6.650715] raid6: sse2x2   xor() 10313 MB/s
[    6.718158] raid6: sse2x4   gen() 16700 MB/s
[    6.830442] raid6: sse2x4   xor() 11577 MB/s
[    6.897743] raid6: avx2x1   gen() 23605 MB/s
[    7.133682] raid6: avx2x2   gen() 26431 MB/s
[    7.221894] raid6: avx2x4   gen() 29006 MB/s
[    7.222622] raid6: using algorithm avx2x4 gen() 29006 MB/s
[    7.241385] raid6: using avx2x2 recovery algorithm
[    7.251519] xor: automatically using best checksumming function:
[    7.301974]    avx       : 28270.000 MB/sec
[    7.311169] async_tx: api initialized (async)
[    7.318191] md: raid6 personality registered for level 6
[    7.319172] md: raid5 personality registered for level 5
[    7.319957] md: raid4 personality registered for level 4
[    7.325158] md: raid10 personality registered for level 10
done.
Begin: Running /scripts/init-premount ... done.
Begin: Mounting root file system ... Begin: Running /[    7.351810] Btrfs loaded
scripts/local-top ... done.
Begin: Running /scripts/local-premount ... Scanning for Btrfs filesystems
done.
Warning: fsck not present, so skipping root file system
[    7.454927] EXT4-fs (sda1): mounted filesystem with ordered data mode. Opts: (null)
done.
Begin: Running /scripts/local-bottom ... done.
Begin: Running /scripts/init-bottom ... done.
[    9.124320] random: nonblocking pool is initialized
[    9.384792] systemd[1]: systemd 229 running in system mode. (+PAM +AUDIT +SELINUX +IMA +APPARMOR +SMACK +SYSVINIT +UTMP +LIBCRYPTSETUP +GCRYPT +GNUTLS +ACL +XZ -LZ4 +SECCOMP +BLKID +ELFUTILS +KMOD -IDN)
[    9.534840] systemd[1]: Detected virtualization oracle.
[    9.566446] systemd[1]: Detected architecture x86-64.

Welcome to [1mUbuntu 16.04.5 LTS[0m!

[    9.704779] systemd[1]: Set hostname to <ubuntu>.
[    9.744269] systemd[1]: Initializing machine ID from random generator.
[    9.897085] systemd[1]: Installed transient /etc/machine-id file.
[   10.624082] systemd[1]: Listening on Syslog Socket.
[[0;32m  OK  [0m] Listening on Syslog Socket.
[   10.721415] systemd[1]: Listening on udev Control Socket.
[[0;32m  OK  [0m] Listening on udev Control Socket.
[   10.723436] systemd[1]: Listening on Device-mapper event daemon FIFOs.
[[0;32m  OK  [0m] Listening on Device-mapper event daemon FIFOs.
[   10.726064] systemd[1]: Created slice User and Session Slice.
[[0;32m  OK  [0m] Created slice User and Session Slice.
[   10.728290] systemd[1]: Reached target User and Group Name Lookups.
[[0;32m  OK  [0m] Reached target User and Group Name Lookups.
[   10.731299] systemd[1]: Created slice System Slice.
[[0;32m  OK  [0m] Created slice System Slice.
[   10.733931] systemd[1]: Created slice system-serial\x2dgetty.slice.
[[0;32m  OK  [0m] Created slice system-serial\x2dgetty.slice.
[   10.743939] systemd[1]: Listening on LVM2 poll daemon socket.
[[0;32m  OK  [0m] Listening on LVM2 poll daemon socket.
[   10.760103] systemd[1]: Listening on Journal Socket (/dev/log).
[[0;32m  OK  [0m] Listening on Journal Socket (/dev/log).
[   10.768618] systemd[1]: Reached target Slices.
[[0;32m  OK  [0m] Reached target Slices.
[   10.858545] systemd[1]: Started Trigger resolvconf update for networkd DNS.
[[0;32m  OK  [0m] Started Trigger resolvconf update for networkd DNS.
[   11.062023] systemd[1]: Listening on Journal Audit Socket.
[[0;32m  OK  [0m] Listening on Journal Audit Socket.
[   11.222154] systemd[1]: Listening on Journal Socket.
[[0;32m  OK  [0m] Listening on Journal Socket.
[   11.409901] systemd[1]: Mounting Debug File System...
         Mounting Debug File System...
[   11.502036] systemd[1]: Starting Remount Root and Kernel File Systems...
         Startin[   11.559176] EXT4-fs (sda1): re-mounted. Opts: (null)
g Remount Root and Kernel File Systems...
[   11.664236] systemd[1]: Mounting POSIX Message Queue File System...
         Mounting POSIX Message Queue File System...
[   11.708446] systemd[1]: Mounting Huge Pages File System...
         Mounting Huge Pages File System...
[   11.711350] systemd[1]: Starting Set console keymap...
         Starting Set console keymap...
[   11.737096] systemd[1]: Starting Create list of required static device nodes for the current kernel...
         Starting Create list of required st... nodes for the current kernel...
[   11.790850] systemd[1]: Starting Journal Service...
         Starting Journal Service...
[   11.793410] systemd[1]: Starting Nameserver information manager...
         Starting Nameserver information manager...
[   11.801414] systemd[1]: Listening on udev Kernel Socket.
[[0;32m  OK  [0m] Listening on udev Kernel Socket.
[   11.810655] systemd[1]: Reached target System Time Synchronized.
[[0;32m  OK  [0m] Reached target System Time Synchronized.
[   11.813059] systemd[1]: Set up automount Arbitrary Executable File Formats File System Automount Point.
[[0;32m  OK  [0m] Set up automount Arbitrary Executab...ats File System Automount Point.
[   11.816356] systemd[1]: Listening on /dev/initctl Compatibility Named Pipe.
[[0;32m  OK  [0m] Listening on /dev/initctl Compatibility Named Pipe.
[   11.953907] systemd[1]: Starting Load Kernel Modules...
         Starting Load Kernel Modules...
[   11.976591] systemd[1]: Starting Uncomplicated firewall...
         Starting Uncomplicated firewall...
[   12.078785] systemd[1]: Reached target Encrypted Volumes.
[[0;32m  OK  [0m] Reached target Encrypted Volumes.
[   12.210443] systemd[1]: Reached target Swap.
[   12.275994] Loading iSCSI transport class v0-0.
[[0;32m  OK  [0m] Reached target Swap.
[   12.411693] systemd[1]: Listening on LVM2 metadata daemon socket.
[[0;32m  OK  [0m] Listening on LVM2 metadata daemon socket.
[   12.476638] systemd[1]: Starting Monitoring of LVM2 mirrors, snapshots etc. using dmeventd or progress polling...
         Starting Monitoring of LVM2 mirrors... dmeventd or progress polling...
[   12.877993] systemd[1]: Started Forward Password Requests to Wall Directory Watch.
[[0;32m  OK  [0m] Started Forward Password Requests to Wall Directory Watch.
[   12.894832] systemd[1]: Mounted Huge Pages File System.
[[0;32m  OK  [0m] Mounted Huge Pages File System.
[   12.931291] systemd[1]: Mounted POSIX Message Queue File System.
[   12.947606] iscsi: registered transport (tcp)
[[0;32m  OK  [0m] Mounted POSIX Message Queue File System.
[   13.050027] systemd[1]: Mounted Debug File System.
[[0;32m  OK  [0m] Mounted Debug File System.
[   13.101489] iscsi: registered transport (iser)
[   13.150108] systemd[1]: Started Journal Service.
[[0;32m  OK  [0m] Started Journal Service.
[[0;32m  OK  [0m] Started Remount Root and Kernel File Systems.
[[0;32m  OK  [0m] Started Set console keymap.
[[0;32m  OK  [0m] Started Create list of required sta...ce nodes for the current kernel.
[[0;32m  OK  [0m] Started Load Kernel Modules.
[[0;32m  OK  [0m] Started Uncomplicated firewall.
[[0;32m  OK  [0m] Started Nameserver information manager.
[[0;32m  OK  [0m] Started LVM2 metadata daemon.
         Mounting FUSE Control File System...
         Starting Apply Kernel Variables...
         Starting Create Static Device Nodes in /dev...
         Starting udev Coldplug all Devices...
         Starting Load/Save Random Seed...
         Starting Flush Journal to Persistent Storage...
[[0;32m  OK  [0m] Mounted FUSE Control File System.
[[0;32m  OK  [0m] Started udev Coldplug all Devices.
[   13.900471] systemd-journald[386]: Received request to flush runtime journal from PID 1
[[0;32m  OK  [0m] Started Flush Journal to Persistent Storage.
[[0;32m  OK  [0m] Started Load/Save Random Seed.
[[0;32m  OK  [0m] Started Apply Kernel Variables.
[[0;32m  OK  [0m] Started Create Static Device Nodes in /dev.
[[0;32m  OK  [0m] Started Monitoring of LVM2 mirrors,...ng dmeventd or progress polling.
         Starting udev Kernel Device Manager...
[[0;32m  OK  [0m] Started udev Kernel Device Manager.
[[0;32m  OK  [0m] Reached target Local File Systems (Pre).
[[0;32m  OK  [0m] Reached target Local File Systems.
         Starting Commit a transient machine-id on disk...
         Starting LSB: AppArmor initialization...
         Starting Set console font and keymap...
         Starting Initial cloud-init job (pre-networking)...
         Starting Create Volatile Files and Directories...
         Starting Tell Plymouth To Write Out Runtime Data...
[[0;32m  OK  [0m] Started Dispatch Password Requests to Console Directory Watch.
[[0;32m  OK  [0m] Started Commit a transient machine-id on disk.
[[0;32m  OK  [0m] Started Create Volatile Files and Directories.
         Starting Update UTMP about System Boot/Shutdown...
[[0;32m  OK  [0m] Found device /dev/ttyS0.
[[0;32m  OK  [0m] Started Tell Plymouth To Write Out Runtime Data.
[[0;32m  OK  [0m] Listening on Load/Save RF Kill Switch Status /dev/rfkill Watch.
[[0;32m  OK  [0m] Started Update UTMP about System Boot/Shutdown.
[[0;32m  OK  [0m] Started Set console font and keymap.
[[0;32m  OK  [0m] Created slice system-getty.slice.
[[0;32m  OK  [0m] Started LSB: AppArmor initialization.
[   17.446702] cloud-init[484]: Cloud-init v. 18.3-9-g2e62cb8a-0ubuntu1~16.04.2 running 'init-local' at Thu, 25 Oct 2018 16:52:11 +0000. Up 16.88 seconds.
[[0;32m  OK  [0m] Started Initial cloud-init job (pre-networking).
[[0;32m  OK  [0m] Reached target Network (Pre).
         Starting Raise network interfaces...
[[0;32m  OK  [0m] Started Raise network interfaces.
         Starting Initial cloud-init job (metadata service crawler)...
[[0;32m  OK  [0m] Reached target Network.
[   19.968106] cloud-init[944]: Cloud-init v. 18.3-9-g2e62cb8a-0ubuntu1~16.04.2 running 'init' at Thu, 25 Oct 2018 16:52:12 +0000. Up 18.15 seconds.
[   20.196843] [cloud-init[0;32m  OK  [0m[944]: ] ci-info: ++++++++++++++++++++++++++++++++++++++Net device info+++++++++++++++++++++++++++++++++++++++Started Initial cloud-init job (metadata service crawler).

[   20.484468] [[0;32m  OK  [0m] Reached target Cloud-config availability.
[[0;32m  OK  [0m] Reached target System Initialization.
[[0;32m  OK  [0m] Started Daily apt download activities.
[[0;32m  OK  [0m] Listening on UUID daemon activation socket.
cloud-init[944]: ci-info: +--------+-------+----------------------------+---------------+--------+-------------------+
[   20.649202] [[0;32m  OK  [0m] Listening on ACPID Listen Socket.
         Starting Socket activation for snappy daemon.
[[0;32m  OK  [0m] Listening on D-Bus System Message Bus Socket.
cloud-init[944]: ci-info: | Device |   Up  |          Address           |      Mask     | Scope  |     Hw-Address    |
[   20.653225] [[0;32m  OK  [0m] Started ACPI Events Check.
[[0;32m  OK  [0m] Reached target Paths.
[[0;32m  OK  [0m] Started Daily apt upgrade and clean activities.
cloud-init[944]: ci-info: +--------+-------+----------------------------+---------------+--------+-------------------+
[   20.657103] cloud-init[944]: ci-info: | enp0s3 |  True |         10.0.2.15          | 255.255.255.0 | global | 02:20:67:8c:d5:af |
[   20.659459] cloud-init[944]: ci-info: | enp0s3 |  True | fe80::20:67ff:fe8c:d5af/64 |       .       |  link  | 02:20:67:8c:d5:af |
[   20.666099] cloud-init[944]: ci-info: | enp0s8 | False |             .              |       .       |   .    | 08:00:27:fc:8d:11 |
[   20.668327] cloud-init[944]: ci-info: |   lo   |  True |         127.0.0.1          |   255.0.0.0   |  host  |         .         |
[   20.670709] cloud-init[944]: ci-info: |   lo   |  True |          ::1/128           |       .       |  host  |         .         |
[   20.673048] cloud-init[944]: ci-info: +--------+-------+----------------------------+---------------+--------+-------------------+
[   20.681027] cloud-init[944]: ci-info: +++++++++++++++++++++++++++Route IPv4 info++++++++++++++++++++++++++++
[   20.683088] cloud-init[944]: ci-info: +-------+-------------+----------+---------------+-----------+-------+
[   20.685001] cloud-init[944]: ci-info: | Route | Destination | Gateway  |    Genmask    | Interface | Flags |
[   20.900837] cloud-init         Starting LXD - unix socket.
[[0;32m  OK  [0m] Started Daily Cleanup of Temporary Directories.
[[0;32m  OK  [0m] Reached target Timers.
[[0;32m  OK  [0m] Reached target Network is Online.
[944]: ci-info: +-------+-------------+----------+---------------+-----------+-------+
[   21.043401]          cloud-initStarting iSCSI initiator daemon (iscsid)...[944]: 
ci-info: |   0   |   0.0.0.0   | 10.0.2.2 |    0.0.0.0    |   enp0s3  |   UG  |
[   21.310758] [[0;32m  OK  [0m] Listening on Socket activation for snappy daemon.
[[0;32m  OK  [0m] Listening on LXD - unix socket.
[[0;32m  OK  [0m] Reached target Sockets.
[[0;32m  OK  [0m] Reached target Basic System.
cloud-init[944]: ci-info: |   1   |   10.0.2.0  | 0.0.0.0  | 255.255.255.0 |   enp0s3  |   U   |
[   21.369594] cloud-init[944]: ci-info: +-------+-------------+----------+---------------+-----------+-------+
[   21.750715] cloud-init[944]: ci-info: +++++++++++++++++++Route IPv6 info+++++++++++++++++++
[   21.752755] cloud-init[944]: ci-info: +-------+-------------+---------+-----------+-------+
[   21.754517] cloud-init[944]: ci-info: | Route | Destination | Gateway | Interface | Flags |
[   21.756522] [[0;32m  OK  [0m] Started Regular background program processing daemon.
cloud-init[[0;32m  OK  [0m] Started D-Bus System Message Bus.
[944]: ci-info: +-------+-------------+---------+-----------+-------+
[   21.760519] cloud-init[944]: ci-info: |   0   |  fe80::/64  |    ::   |   enp0s3  |   U   |
[   21.762775] cloud-init[944]: ci-info: |   3   |   ff00::/8  |    ::   |   enp0s3  |   U   |
[   21.765169] cloud-init[944]: ci-info: +-------+-------------+---------+-----------+-------+
[   21.812674] cloud-init[944]: Generating public/private rsa key pair.
[   21.868937] cloud-init[944]: Your identification has been saved in /etc/ssh/ssh_host_rsa_key.
[   21.968704] cloud-init[944]: Your public key has been saved in /etc/ssh/ssh_host_rsa_key.pub.
[[0;32m  OK  [0m] Started FUSE filesystem for LXC.
[   22.070514] cloud-init[944]: The key fingerprint is:
[[0;32m  OK  [0m] Started Deferred execution scheduler.
[   22.203446] cloud-init[944]: SHA256:XrLY5hfH7VE2+YO7x30xtU5TAY4pTwMV27cWPWAfp8s root@ubuntu-xenial
[   22.373142] cloud-init[944]: The key's randomart image is:
[   22.460397] cloud-init[944]: +---[RSA 2048]----+
[   22.525233] cloud-init[944]: |         ..o.+...|
         Starting /etc/rc.local Compatibility...
[   22.586997] cloud-init[944]: |          . B oo+|
         Starting LSB: Record successful boot for GRUB...
[   22.747944] cloud-init[944]: |         . * o.=+|
[   22.782605] cloud-init[944]: |          + ...+O|
[   22.783616] cloud-init[944]: |        S .o .E=*|
[   22.793484] cloud-init[944]: |       + +. o.+B.|
[   22.794629] cloud-init[944]: |      . =  o .=.*|
[   22.799068]          Starting Virtualbox guest utils...
cloud-init[944]: |       o  .  ..+o|
[   22.808876] cloud-init[944]: |        ..   .o .|
[   22.810579] cloud-init[944]: +----[SHA256]-----+
[   22.811866] cloud-init[944]: Generating public/private dsa key pair.
[   22.813483] cloud-init[944]: Your identification has been saved in /etc/ssh/ssh_host_dsa_key.
[   22.815192] cloud-init[944]: Your public key has been saved in /etc/ssh/ssh_host_dsa_key.pub.
[   22.956780]          Starting Pollinate to seed the pseudo random number generator...
         Starting Accounts Service...
cloud-init[944]: The key fingerprint is:
[[0;32m  OK  [0m] Started ACPI event daemon.
[   23.025492] cloud-init[944]: SHA256:/OP3s6kI+E3C1qXL2BGpEmHLfgCPFVvWbf3zVRus+H4 root@ubuntu-xenial
[   23.233136] cloud-init[944]: The key's randomart image is:
         Starting LSB: MD monitoring daemon...
[[0;32m  OK  [0m] Started Unattended Upgrades Shutdown.
[   23.312083] cloud-init[944]: +---[DSA 1024]----+
[   23.392541] cloud-init[944]: |      . o. . ..  |
[   23.464384] cloud-init[944]: |       =  . o .o.|
[   23.536245] cloud-init[944]: |    . =    .. ..+|
[   23.536596] cloud-init[944]: |     B +   o . oo|
[   23.536788] cloud-init[944]: |    . * S o o   +|
[   23.536937] cloud-init[944]: |     . = + + .  .|
         Starting LXD - container startup/shutdown...
[   23.537105] cloud-init[944]: |      + B B .    |
[   23.542504] cloud-init[944]: |       = X =...E |
[   23.543544] cloud-init[944]: |        o B..o=o |
[   23.544695] cloud-init[944]: +----[SHA256]-----+
[   23.545651] cloud-init[944]: Generating public/private ecdsa key pair.
[   23.546872] cloud-init[944]: Your identification has been saved in /etc/ssh/ssh_host_ecdsa_key.
[   23.581822] cloud-init[944]: Your public key has been saved in /etc/ssh/ssh_host_ecdsa_key.pub.
[   23.582060] cloud-init[944]: The key fingerprint is:
[   23.582220] cloud-init[944]: SHA256:Or9f0ZijabLwZOdl2B40IBdWuI6tuyVS0D90BlLAKqs root@ubuntu-xenial
[   23.582359] cloud-init[944]: The key's randomart image is:
[   23.582532] cloud-init[944]: +---[ECDSA 256]---+
[   23.582679] cloud-init[944]: |       .oo=o.    |
[   23.582818] cloud-init[944]: |       ..o.o     |
[   23.583128] cloud-init[944]: |      ..o +.o    |
[   23.583433] cloud-init[944]: |    . .. =.+ +   |
[   23.583578] cloud-init[944]: |     o  S+o B .  |
[   23.583776] cloud-init[944]: |    .  o. oB +   |
[   23.584433] cloud-init[944]: |   .  = =.B *    |
[   23.584577] cloud-init[944]: |  E    O.O = .   |
         Starting Login Service...
[   23.584766] cloud-init[944]: |        B=o .    |
[   23.605210] cloud-init[944]: +----[SHA256]-----+
[   23.606225] cloud-init[944]: Generating public/private ed25519 key pair.
[   23.607509] cloud-init[944]: Your identification has been saved in /etc/ssh/ssh_host_ed25519_key.
[   23.609007] cloud-init[944]: Your public key has been saved in /etc/ssh/ssh_host_ed25519_key.pub.
[   23.610621] cloud-init[944]: The key fingerprint is:
[   23.611712] cloud-init[944]: SHA256:l1dD41QHY8L2ho+ZY7FcHxLLXA0Ty4nJBf3SL7gsp2M root@ubuntu-xenial
[   23.613536] cloud-init[944]: The key's randomart image is:
         [   23.620594] cloud-init[944]: +--[ED25519 256]--+
[   23.621207] cloud-init[944]: |           .oo%=+|
[   23.621319] cloud-init[944]: |           .o%.Bo|
[   23.621941] cloud-init[944]: |           .*o@o |
[   23.622050] cloud-init[944]: |           .o*=oo|
[   23.622201] cloud-init[944]: |        S o..@.oo|
[   23.622353] cloud-init[944]: |         . .X o o|
[   23.622509] cloud-init[944]: |           o o . |
[   23.622677] cloud-init[944]: |          E +    |
[   23.622837] cloud-init[944]: |         ..=     |
[   23.622987] cloud-init[944]: +----[SHA256]-----+
Starting System Logging Service...
         Starting Snappy daemon...
[[0;32m  OK  [0m] Started /etc/rc.local Compatibility.
[[0;32m  OK  [0m] Started Login Service.
[[0;32m  OK  [0m] Started iSCSI initiator daemon (iscsid).
         Starting Login to default iSCSI targets...
[[0;32m  OK  [0m] Started LSB: MD monitoring daemon.
[[0;32m  OK  [0m] Started LSB: Record successful boot for GRUB.
[[0;32m  OK  [0m] Started System Logging Service.
[[0;32m  OK  [0m] Started Login to default iSCSI targets.
[[0;32m  OK  [0m] Reached target Remote File Systems (Pre).
[[0;32m  OK  [0m] Reached target Remote File Systems.
         Starting LSB: Set the CPU Frequency Scaling governor to "ondemand"...
         Starting LSB: automatic crash report generation...
         Starting Permit User Sessions...
         Starting LSB: daemon to balance interrupts for SMP systems...
[[0;32m  OK  [0m] Started LSB: Set the CPU Frequency Scaling governor to "ondemand".
[[0;32m  OK  [0m] Started Permit User Sessions.
         Starting Hold until boot process finishes up...
         Starting Terminate Plymouth Boot Screen...
[[0;32m  OK  [0m] Started Hold until boot process finishes up.
[[0;32m  OK  [0m] Started Terminate Plymouth Boot Screen.
[[0;32m  OK  [0m] Started Serial Getty on ttyS0.
[[0;32m  OK  [0m] Started Getty on tty1.
[[0;32m  OK  [0m] Reached target Login Prompts.
         Starting Set console scheme...
[[0;32m  OK  [0m] Started LSB: automatic crash report generation.
[[0;32m  OK  [0m] Started Set console scheme.
[[0;32m  OK  [0m] Started LSB: daemon to balance interrupts for SMP systems.
[[0;32m  OK  [0m] Started Virtualbox guest utils.
         Starting Authenticate and Authorize Users to Run Privileged Tasks...
[[0;32m  OK  [0m] Started Pollinate to seed the pseudo random number generator.
         Starting OpenBSD Secure Shell server...
[[0;32m  OK  [0m] Started Authenticate and Authorize Users to Run Privileged Tasks.
[[0;32m  OK  [0m] Started Accounts Service.
[[0;32m  OK  [0m] Started OpenBSD Secure Shell server.
[[0;32m  OK  [0m] Started LXD - container startup/shutdown.
[[0;32m  OK  [0m] Started Snappy daemon.
         Starting Wait until snapd is fully seeded...
[[0;32m  OK  [0m] Created slice User Slice of vagrant.
         Starting User Manager for UID 1000...
[[0;32m  OK  [0m] Started Session 1 of user vagrant.
[[0;32m  OK  [0m] Started User Manager for UID 1000.
[[0;32m  OK  [0m] Started Wait until snapd is fully seeded.
[[0;32m  OK  [0m] Reached target Multi-User System.
[[0;32m  OK  [0m] Reached target Graphical Interface.
         Starting Update UTMP about System Runlevel Changes...
         Starting Apply the settings specified in cloud-config...
[[0;32m  OK  [0m] Started Update UTMP about System Runlevel Changes.
[   29.538489] cloud-init[1322]: Generating locales (this might take a while)...
[   30.834445] cloud-init[1322]:   en_US.UTF-8... done
[   30.835133] cloud-init[1322]: Generation complete.

Ubuntu 16.04.5 LTS ubuntu-xenial ttyS0

ubuntu-xenial login: [   32.746127] cloud-init[1322]: Cloud-init v. 18.3-9-g2e62cb8a-0ubuntu1~16.04.2 running 'modules:config' at Thu, 25 Oct 2018 16:52:23 +0000. Up 29.13 seconds.
ci-info: no authorized ssh keys fingerprints found for user ubuntu.
<14>Oct 25 16:52:28 ec2: 
<14>Oct 25 16:52:28 ec2: #############################################################
<14>Oct 25 16:52:28 ec2: -----BEGIN SSH HOST KEY FINGERPRINTS-----
<14>Oct 25 16:52:28 ec2: 1024 SHA256:/OP3s6kI+E3C1qXL2BGpEmHLfgCPFVvWbf3zVRus+H4 root@ubuntu-xenial (DSA)
<14>Oct 25 16:52:28 ec2: 256 SHA256:Or9f0ZijabLwZOdl2B40IBdWuI6tuyVS0D90BlLAKqs root@ubuntu-xenial (ECDSA)
<14>Oct 25 16:52:28 ec2: 256 SHA256:l1dD41QHY8L2ho+ZY7FcHxLLXA0Ty4nJBf3SL7gsp2M root@ubuntu-xenial (ED25519)
<14>Oct 25 16:52:28 ec2: 2048 SHA256:XrLY5hfH7VE2+YO7x30xtU5TAY4pTwMV27cWPWAfp8s root@ubuntu-xenial (RSA)
<14>Oct 25 16:52:28 ec2: -----END SSH HOST KEY FINGERPRINTS-----
<14>Oct 25 16:52:28 ec2: #############################################################
-----BEGIN SSH HOST KEY KEYS-----
ecdsa-sha2-nistp256 AAAAE2VjZHNhLXNoYTItbmlzdHAyNTYAAAAIbmlzdHAyNTYAAABBBK5UbHarvtt1Pewd0P+bDdFyPFABpGbH4RIp8viBJ7KljArqoNvw6Wb2LdInd12h/mD05yII8l7zje7mClC1hKA= root@ubuntu-xenial
ssh-ed25519 AAAAC3NzaC1lZDI1NTE5AAAAIMQyDWNmthAbpAvQTVAgvfTuNSBALvP+fXiFidCBO0FM root@ubuntu-xenial
ssh-rsa AAAAB3NzaC1yc2EAAAADAQABAAABAQD4eQOcHUggvSxrMT4+2CSXa8ykh7avekR2hijxSYyjTH43gRSLOFcL9S8WnkuDJ7fqVckB6UBt2VpWRwLzDuxQQ0XXnxvYkh64ru8ewqJAw7nbb160wXnm3ftCYFRzT0Mixs/o7wXXlu3m9C7wgN1DX8fz5R50n86p+RpArorAsa3u6BdsGqWzq8Aq7fHaVT3CNfNcdHuLrL9dCFvnczvV6BHhmq1uUazSbzrASIyfiVdTt9REFc748ptoTKToJ1FsE281+3Nn0v8V4sx47z1z1boG7g1EcK3sTvggT7MmF+7NHECo0B9IIV5V75JRLRiR/+/EFKvpzdXIT1aWJYCT root@ubuntu-xenial
-----END SSH HOST KEY KEYS-----
[   34.412018] cloud-init[1562]: Cloud-init v. 18.3-9-g2e62cb8a-0ubuntu1~16.04.2 running 'modules:final' at Thu, 25 Oct 2018 16:52:27 +0000. Up 33.01 seconds.
[   34.412204] cloud-init[1562]: ci-info: no authorized ssh keys fingerprints found for user ubuntu.
[   34.412355] cloud-init[1562]: Cloud-init v. 18.3-9-g2e62cb8a-0ubuntu1~16.04.2 finished at Thu, 25 Oct 2018 16:52:28 +0000. Datasource DataSourceNoCloud [seed=/dev/sdb][dsmode=net].  Up 34.40 seconds
